[debug] [2025-06-19T16:20:30.017Z] ----------------------------------------------------------------------
[debug] [2025-06-19T16:20:30.022Z] Command:       C:\Program Files\nodejs\node.exe C:\Users\DELL\AppData\Roaming\npm\node_modules\firebase-tools\lib\bin\firebase.js emulators:start --only storage
[debug] [2025-06-19T16:20:30.022Z] CLI Version:   14.7.0
[debug] [2025-06-19T16:20:30.022Z] Platform:      win32
[debug] [2025-06-19T16:20:30.023Z] Node Version:  v22.15.0
[debug] [2025-06-19T16:20:30.023Z] Time:          Thu Jun 19 2025 17:20:30 GMT+0100 (heure normale d’Europe centrale)
[debug] [2025-06-19T16:20:30.023Z] ----------------------------------------------------------------------
[debug] 
[debug] [2025-06-19T16:20:30.027Z] >>> [apiv2][query] GET https://firebase-public.firebaseio.com/cli.json [none]
[debug] [2025-06-19T16:20:30.303Z] > command requires scopes: ["email","openid","https://www.googleapis.com/auth/cloudplatformprojects.readonly","https://www.googleapis.com/auth/firebase","https://www.googleapis.com/auth/cloud-platform"]
[debug] [2025-06-19T16:20:30.303Z] > authorizing via signed-in user (rim.kefidev@gmail.com)
[debug] [2025-06-19T16:20:30.438Z] java version "17.0.12" 2024-07-16 LTS
Java(TM) SE Runtime Environment (build 17.0.12+8-LTS-286)
Java HotSpot(TM) 64-Bit Server VM (build 17.0.12+8-LTS-286, mixed mode, sharing)

[debug] [2025-06-19T16:20:30.467Z] Parsed Java major version: 17
[info] i  emulators: Starting emulators: storage {"metadata":{"emulator":{"name":"hub"},"message":"Starting emulators: storage"}}
[debug] [2025-06-19T16:20:30.478Z] [logging] Logging Emulator only supports listening on one address (127.0.0.1). Not listening on ::1
[debug] [2025-06-19T16:20:30.478Z] [storage] Storage Emulator only supports listening on one address (127.0.0.1). Not listening on ::1
[debug] [2025-06-19T16:20:30.478Z] assigned listening specs for emulators {"user":{"hub":[{"address":"127.0.0.1","family":"IPv4","port":4400},{"address":"::1","family":"IPv6","port":4400}],"ui":[{"address":"127.0.0.1","family":"IPv4","port":4000},{"address":"::1","family":"IPv6","port":4000}],"logging":[{"address":"127.0.0.1","family":"IPv4","port":4500}],"storage":[{"address":"127.0.0.1","family":"IPv4","port":9199}]},"metadata":{"message":"assigned listening specs for emulators"}}
[debug] [2025-06-19T16:20:30.482Z] [hub] writing locator at C:\Users\DELL\AppData\Local\Temp\hub-eshop-9f8fa.json
[debug] [2025-06-19T16:20:30.490Z] Ignoring unsupported arg: port {"metadata":{"emulator":{"name":"storage"},"message":"Ignoring unsupported arg: port"}}
[debug] [2025-06-19T16:20:31.485Z] <<< [apiv2][status] GET https://firebase-public.firebaseio.com/cli.json 200
[debug] [2025-06-19T16:20:31.485Z] <<< [apiv2][body] GET https://firebase-public.firebaseio.com/cli.json {"cloudBuildErrorAfter":1594252800000,"cloudBuildWarnAfter":1590019200000,"defaultNode10After":1594252800000,"minVersion":"3.0.5","node8DeploysDisabledAfter":1613390400000,"node8RuntimeDisabledAfter":1615809600000,"node8WarnAfter":1600128000000}
[debug] [2025-06-19T16:20:31.594Z] Temp file directory for storage emulator: C:\Users\DELL\AppData\Local\Temp/firebase/storage/blobs {"metadata":{"emulator":{"name":"storage"},"message":"Temp file directory for storage emulator: C:\\Users\\DELL\\AppData\\Local\\Temp/firebase/storage/blobs"}}
[debug] [2025-06-19T16:20:31.611Z] Could not find VSCode notification endpoint: FetchError: request to http://localhost:40001/vscode/notify failed, reason: . If you are not running the Firebase Data Connect VSCode extension, this is expected and not an issue.
[info] 
┌─────────────────────────────────────────────────────────────┐
│ ✔  All emulators ready! It is now safe to connect your app. │
│ i  View Emulator UI at http://127.0.0.1:4000/               │
└─────────────────────────────────────────────────────────────┘

┌──────────┬────────────────┬───────────────────────────────┐
│ Emulator │ Host:Port      │ View in Emulator UI           │
├──────────┼────────────────┼───────────────────────────────┤
│ Storage  │ 127.0.0.1:9199 │ http://127.0.0.1:4000/storage │
└──────────┴────────────────┴───────────────────────────────┘
  Emulator Hub host: 127.0.0.1 port: 4400
  Other reserved ports: 4500

Issues? Report them at https://github.com/firebase/firebase-tools/issues and attach the *-debug.log files.
 
[debug] [2025-06-19T16:21:07.677Z] Checked if tokens are valid: false, expires at: 1749959642340
[debug] [2025-06-19T16:21:07.678Z] Checked if tokens are valid: false, expires at: 1749959642340
[debug] [2025-06-19T16:21:07.678Z] > refreshing access token with scopes: []
[debug] [2025-06-19T16:21:07.681Z] >>> [apiv2][query] POST https://www.googleapis.com/oauth2/v3/token [none]
[debug] [2025-06-19T16:21:07.681Z] >>> [apiv2][body] POST https://www.googleapis.com/oauth2/v3/token [omitted]
[debug] [2025-06-19T16:21:08.176Z] <<< [apiv2][status] POST https://www.googleapis.com/oauth2/v3/token 200
[debug] [2025-06-19T16:21:08.176Z] <<< [apiv2][body] POST https://www.googleapis.com/oauth2/v3/token [omitted]
[debug] [2025-06-19T16:21:08.198Z] >>> [apiv2][query] GET https://firebase.googleapis.com/v1beta1/projects/eshop-9f8fa/adminSdkConfig [none]
[debug] [2025-06-19T16:21:09.128Z] <<< [apiv2][status] GET https://firebase.googleapis.com/v1beta1/projects/eshop-9f8fa/adminSdkConfig 200
[debug] [2025-06-19T16:21:09.129Z] <<< [apiv2][body] GET https://firebase.googleapis.com/v1beta1/projects/eshop-9f8fa/adminSdkConfig {"projectId":"eshop-9f8fa","databaseURL":"https://eshop-9f8fa-default-rtdb.firebaseio.com","storageBucket":"eshop-9f8fa.firebasestorage.app"}
